<?xml version="1.0" encoding="UTF-8"?>
<testng-results ignored="0" total="1" passed="1" failed="0" skipped="0">
  <reporter-output>
  </reporter-output>
  <suite started-at="2022-11-01T19:10:55 IST" name="Default suite" finished-at="2022-11-01T19:11:10 IST" duration-ms="14699">
    <groups>
    </groups>
    <test started-at="2022-11-01T19:10:55 IST" name="Default test" finished-at="2022-11-01T19:11:10 IST" duration-ms="14699">
      <class name="ssssss.ssssss">
        <test-method signature="main()[pri:0, instance:ssssss.ssssss@3f6f6701]" started-at="2022-11-01T19:10:55 IST" name="main" finished-at="2022-11-01T19:11:10 IST" duration-ms="14338" status="PASS">
          <reporter-output>
          </reporter-output>
        </test-method> <!-- main -->
      </class> <!-- ssssss.ssssss -->
    </test> <!-- Default test -->
  </suite> <!-- Default suite -->
</testng-results>
